<?xml version="1.0" encoding="UTF-8"?>
<testng-results ignored="0" total="3" passed="2" failed="1" skipped="0">
  <reporter-output>
  </reporter-output>
  <suite started-at="2023-06-24T00:53:59 EAT" name="Default suite" finished-at="2023-06-24T00:54:09 EAT" duration-ms="9532">
    <groups>
    </groups>
    <test started-at="2023-06-24T00:53:59 EAT" name="Default test" finished-at="2023-06-24T00:54:09 EAT" duration-ms="9532">
      <class name="test.DropDownTest">
        <test-method is-config="true" signature="init()[pri:0, instance:test.DropDownTest@5d0bf09b]" started-at="2023-06-24T00:53:59 EAT" name="init" finished-at="2023-06-24T00:54:05 EAT" duration-ms="5261" status="PASS">
          <reporter-output>
          </reporter-output>
        </test-method> <!-- init -->
        <test-method signature="UserShouldBeAbelToSeeDropdownMonth()[pri:1, instance:test.DropDownTest@5d0bf09b]" started-at="2023-06-24T00:54:05 EAT" name="UserShouldBeAbelToSeeDropdownMonth" finished-at="2023-06-24T00:54:05 EAT" duration-ms="240" status="PASS">
          <reporter-output>
          </reporter-output>
        </test-method> <!-- UserShouldBeAbelToSeeDropdownMonth -->
        <test-method signature="UserShouldBeAbelToPutInInPut(java.lang.String)[pri:2, instance:test.DropDownTest@5d0bf09b]" started-at="2023-06-24T00:54:05 EAT" name="UserShouldBeAbelToPutInInPut" finished-at="2023-06-24T00:54:05 EAT" duration-ms="0" status="FAIL">
          <exception class="org.testng.TestNGException">
            <message>
              <![CDATA[
Cannot inject @Test annotated Method [UserShouldBeAbelToPutInInPut] with [class java.lang.String].
For more information on native dependency injection please refer to https://testng.org/doc/documentation-main.html#native-dependency-injection]]>
            </message>
            <full-stacktrace>
              <![CDATA[org.testng.TestNGException: 
Cannot inject @Test annotated Method [UserShouldBeAbelToPutInInPut] with [class java.lang.String].
For more information on native dependency injection please refer to https://testng.org/doc/documentation-main.html#native-dependency-injection
at org.testng.internal.Parameters.checkParameterTypes(Parameters.java:436)
at org.testng.internal.Parameters.createParametersForMethod(Parameters.java:350)
at org.testng.internal.Parameters.createParameters(Parameters.java:693)
at org.testng.internal.Parameters.handleParameters(Parameters.java:879)
at org.testng.internal.Parameters.handleParameters(Parameters.java:728)
at org.testng.internal.invokers.ParameterHandler.handleParameters(ParameterHandler.java:72)
at org.testng.internal.invokers.ParameterHandler.createParameters(ParameterHandler.java:51)
at org.testng.internal.invokers.TestInvoker$MethodInvocationAgent.invoke(TestInvoker.java:911)
at org.testng.internal.invokers.TestInvoker.invokeTestMethods(TestInvoker.java:200)
at org.testng.internal.invokers.TestMethodWorker.invokeTestMethods(TestMethodWorker.java:148)
at org.testng.internal.invokers.TestMethodWorker.run(TestMethodWorker.java:128)
at java.base/java.util.ArrayList.forEach(ArrayList.java:1511)
at org.testng.TestRunner.privateRun(TestRunner.java:848)
at org.testng.TestRunner.run(TestRunner.java:621)
at org.testng.SuiteRunner.runTest(SuiteRunner.java:443)
at org.testng.SuiteRunner.runSequentially(SuiteRunner.java:437)
at org.testng.SuiteRunner.privateRun(SuiteRunner.java:397)
at org.testng.SuiteRunner.run(SuiteRunner.java:336)
at org.testng.SuiteRunnerWorker.runSuite(SuiteRunnerWorker.java:52)
at org.testng.SuiteRunnerWorker.run(SuiteRunnerWorker.java:95)
at org.testng.TestNG.runSuitesSequentially(TestNG.java:1280)
at org.testng.TestNG.runSuitesLocally(TestNG.java:1200)
at org.testng.TestNG.runSuites(TestNG.java:1114)
at org.testng.TestNG.run(TestNG.java:1082)
at org.testng.remote.AbstractRemoteTestNG.run(AbstractRemoteTestNG.java:115)
at org.testng.remote.RemoteTestNG.initAndRun(RemoteTestNG.java:251)
at org.testng.remote.RemoteTestNG.main(RemoteTestNG.java:77)
]]>
            </full-stacktrace>
          </exception> <!-- org.testng.TestNGException -->
          <reporter-output>
          </reporter-output>
        </test-method> <!-- UserShouldBeAbelToPutInInPut -->
        <test-method signature="UserShouldBeAbelToClickAddButton()[pri:3, instance:test.DropDownTest@5d0bf09b]" started-at="2023-06-24T00:54:05 EAT" name="UserShouldBeAbelToClickAddButton" finished-at="2023-06-24T00:54:09 EAT" duration-ms="3987" status="PASS">
          <reporter-output>
          </reporter-output>
        </test-method> <!-- UserShouldBeAbelToClickAddButton -->
      </class> <!-- test.DropDownTest -->
    </test> <!-- Default test -->
  </suite> <!-- Default suite -->
</testng-results>
